<?xml version="1.0" encoding="UTF-8"?>
<!-- Generated by org.testng.reporters.JUnitReportReporter -->
<testsuite hostname="VWL-DV1PTV3" failures="0" tests="1" name="testcase.VenusUnlocked" time="2.105" errors="0" timestamp="2023-12-26T15:44:45 EST" skipped="0">
  <testcase classname="testcase.VenusUnlocked" name="EbboEnrollementWithVisaFreeShipping" time="2.105"/>
</testsuite> <!-- testcase.VenusUnlocked -->
